  poker.cpp
C:\Users\marin\Desktop\Документи\ather\Repository poker\poker\poker.cpp(61): warning C4244: аргумент: преобразование "time_t" в "unsigned int", возможна потеря данных
C:\Users\marin\Desktop\Документи\ather\Repository poker\poker\poker.cpp(62): warning C4101: call: неиспользованная локальная переменная
C:\Users\marin\Desktop\Документи\ather\Repository poker\poker\poker.cpp(62): warning C4101: fold: неиспользованная локальная переменная
C:\Users\marin\Desktop\Документи\ather\Repository poker\poker\poker.cpp(538): warning C4244: аргумент: преобразование "time_t" в "unsigned int", возможна потеря данных
C:\Users\marin\Desktop\Документи\ather\Repository poker\poker\poker.cpp(671): warning C4244: инициализация: преобразование "double" в "int", возможна потеря данных
C:\Users\marin\Desktop\Документи\ather\Repository poker\poker\poker.cpp(752): warning C4244: =: преобразование "double" в "int", возможна потеря данных
C:\Users\marin\Desktop\Документи\ather\Repository poker\poker\poker.cpp(837): warning C4244: =: преобразование "double" в "int", возможна потеря данных
C:\Users\marin\Desktop\Документи\ather\Repository poker\poker\poker.cpp(967): warning C4566: символ, представленный универсальным именем символа "\u2584", невозможно представить в текущей кодовой странице (1251)
C:\Users\marin\Desktop\Документи\ather\Repository poker\poker\poker.cpp(968): warning C4566: символ, представленный универсальным именем символа "\u2588", невозможно представить в текущей кодовой странице (1251)
C:\Users\marin\Desktop\Документи\ather\Repository poker\poker\poker.cpp(968): warning C4566: символ, представленный универсальным именем символа "\u2584", невозможно представить в текущей кодовой странице (1251)
C:\Users\marin\Desktop\Документи\ather\Repository poker\poker\poker.cpp(968): warning C4566: символ, представленный универсальным именем символа "\u2580", невозможно представить в текущей кодовой странице (1251)
C:\Users\marin\Desktop\Документи\ather\Repository poker\poker\poker.cpp(969): warning C4566: символ, представленный универсальным именем символа "\u2588", невозможно представить в текущей кодовой странице (1251)
C:\Users\marin\Desktop\Документи\ather\Repository poker\poker\poker.cpp(969): warning C4566: символ, представленный универсальным именем символа "\u2584", невозможно представить в текущей кодовой странице (1251)
C:\Users\marin\Desktop\Документи\ather\Repository poker\poker\poker.cpp(969): warning C4566: символ, представленный универсальным именем символа "\u2580", невозможно представить в текущей кодовой странице (1251)
C:\Users\marin\Desktop\Документи\ather\Repository poker\poker\poker.cpp(970): warning C4566: символ, представленный универсальным именем символа "\u2580", невозможно представить в текущей кодовой странице (1251)
C:\Users\marin\Desktop\Документи\ather\Repository poker\poker\poker.cpp(970): warning C4566: символ, представленный универсальным именем символа "\u2588", невозможно представить в текущей кодовой странице (1251)
C:\Users\marin\Desktop\Документи\ather\Repository poker\poker\poker.cpp(971): warning C4566: символ, представленный универсальным именем символа "\u2588", невозможно представить в текущей кодовой странице (1251)
C:\Users\marin\Desktop\Документи\ather\Repository poker\poker\poker.cpp(971): warning C4566: символ, представленный универсальным именем символа "\u2580", невозможно представить в текущей кодовой странице (1251)
C:\Users\marin\Desktop\Документи\ather\Repository poker\poker\poker.cpp(971): warning C4566: символ, представленный универсальным именем символа "\u2584", невозможно представить в текущей кодовой странице (1251)
C:\Users\marin\Desktop\Документи\ather\Repository poker\poker\poker.cpp(972): warning C4566: символ, представленный универсальным именем символа "\u2588", невозможно представить в текущей кодовой странице (1251)
C:\Users\marin\Desktop\Документи\ather\Repository poker\poker\poker.cpp(972): warning C4566: символ, представленный универсальным именем символа "\u2580", невозможно представить в текущей кодовой странице (1251)
C:\Users\marin\Desktop\Документи\ather\Repository poker\poker\poker.cpp(972): warning C4566: символ, представленный универсальным именем символа "\u2584", невозможно представить в текущей кодовой странице (1251)
C:\Users\marin\Desktop\Документи\ather\Repository poker\poker\poker.cpp(973): warning C4566: символ, представленный универсальным именем символа "\u2580", невозможно представить в текущей кодовой странице (1251)
C:\Users\marin\Desktop\Документи\ather\Repository poker\poker\poker.cpp(978): warning C4566: символ, представленный универсальным именем символа "\u2584", невозможно представить в текущей кодовой странице (1251)
C:\Users\marin\Desktop\Документи\ather\Repository poker\poker\poker.cpp(979): warning C4566: символ, представленный универсальным именем символа "\u2588", невозможно представить в текущей кодовой странице (1251)
C:\Users\marin\Desktop\Документи\ather\Repository poker\poker\poker.cpp(979): warning C4566: символ, представленный универсальным именем символа "\u2584", невозможно представить в текущей кодовой странице (1251)
C:\Users\marin\Desktop\Документи\ather\Repository poker\poker\poker.cpp(979): warning C4566: символ, представленный универсальным именем символа "\u2580", невозможно представить в текущей кодовой странице (1251)
C:\Users\marin\Desktop\Документи\ather\Repository poker\poker\poker.cpp(980): warning C4566: символ, представленный универсальным именем символа "\u2588", невозможно представить в текущей кодовой странице (1251)
C:\Users\marin\Desktop\Документи\ather\Repository poker\poker\poker.cpp(980): warning C4566: символ, представленный универсальным именем символа "\u2584", невозможно представить в текущей кодовой странице (1251)
C:\Users\marin\Desktop\Документи\ather\Repository poker\poker\poker.cpp(981): warning C4566: символ, представленный универсальным именем символа "\u2580", невозможно представить в текущей кодовой странице (1251)
C:\Users\marin\Desktop\Документи\ather\Repository poker\poker\poker.cpp(981): warning C4566: символ, представленный универсальным именем символа "\u2588", невозможно представить в текущей кодовой странице (1251)
C:\Users\marin\Desktop\Документи\ather\Repository poker\poker\poker.cpp(981): warning C4566: символ, представленный универсальным именем символа "\u2584", невозможно представить в текущей кодовой странице (1251)
C:\Users\marin\Desktop\Документи\ather\Repository poker\poker\poker.cpp(982): warning C4566: символ, представленный универсальным именем символа "\u2588", невозможно представить в текущей кодовой странице (1251)
C:\Users\marin\Desktop\Документи\ather\Repository poker\poker\poker.cpp(982): warning C4566: символ, представленный универсальным именем символа "\u2580", невозможно представить в текущей кодовой странице (1251)
C:\Users\marin\Desktop\Документи\ather\Repository poker\poker\poker.cpp(983): warning C4566: символ, представленный универсальным именем символа "\u2588", невозможно представить в текущей кодовой странице (1251)
C:\Users\marin\Desktop\Документи\ather\Repository poker\poker\poker.cpp(983): warning C4566: символ, представленный универсальным именем символа "\u2580", невозможно представить в текущей кодовой странице (1251)
C:\Users\marin\Desktop\Документи\ather\Repository poker\poker\poker.cpp(983): warning C4566: символ, представленный универсальным именем символа "\u2584", невозможно представить в текущей кодовой странице (1251)
C:\Users\marin\Desktop\Документи\ather\Repository poker\poker\poker.cpp(984): warning C4566: символ, представленный универсальным именем символа "\u2580", невозможно представить в текущей кодовой странице (1251)
C:\Users\marin\Desktop\Документи\ather\Repository poker\poker\poker.cpp(989): warning C4566: символ, представленный универсальным именем символа "\u2584", невозможно представить в текущей кодовой странице (1251)
C:\Users\marin\Desktop\Документи\ather\Repository poker\poker\poker.cpp(990): warning C4566: символ, представленный универсальным именем символа "\u2588", невозможно представить в текущей кодовой странице (1251)
C:\Users\marin\Desktop\Документи\ather\Repository poker\poker\poker.cpp(990): warning C4566: символ, представленный универсальным именем символа "\u2580", невозможно представить в текущей кодовой странице (1251)
C:\Users\marin\Desktop\Документи\ather\Repository poker\poker\poker.cpp(991): warning C4566: символ, представленный универсальным именем символа "\u2580", невозможно представить в текущей кодовой странице (1251)
C:\Users\marin\Desktop\Документи\ather\Repository poker\poker\poker.cpp(991): warning C4566: символ, представленный универсальным именем символа "\u2588", невозможно представить в текущей кодовой странице (1251)
C:\Users\marin\Desktop\Документи\ather\Repository poker\poker\poker.cpp(991): warning C4566: символ, представленный универсальным именем символа "\u2584", невозможно представить в текущей кодовой странице (1251)
C:\Users\marin\Desktop\Документи\ather\Repository poker\poker\poker.cpp(992): warning C4566: символ, представленный универсальным именем символа "\u2588", невозможно представить в текущей кодовой странице (1251)
C:\Users\marin\Desktop\Документи\ather\Repository poker\poker\poker.cpp(993): warning C4566: символ, представленный универсальным именем символа "\u2588", невозможно представить в текущей кодовой странице (1251)
C:\Users\marin\Desktop\Документи\ather\Repository poker\poker\poker.cpp(993): warning C4566: символ, представленный универсальным именем символа "\u2580", невозможно представить в текущей кодовой странице (1251)
C:\Users\marin\Desktop\Документи\ather\Repository poker\poker\poker.cpp(993): warning C4566: символ, представленный универсальным именем символа "\u2584", невозможно представить в текущей кодовой странице (1251)
C:\Users\marin\Desktop\Документи\ather\Repository poker\poker\poker.cpp(994): warning C4566: символ, представленный универсальным именем символа "\u2588", невозможно представить в текущей кодовой странице (1251)
C:\Users\marin\Desktop\Документи\ather\Repository poker\poker\poker.cpp(994): warning C4566: символ, представленный универсальным именем символа "\u2584", невозможно представить в текущей кодовой странице (1251)
C:\Users\marin\Desktop\Документи\ather\Repository poker\poker\poker.cpp(995): warning C4566: символ, представленный универсальным именем символа "\u2580", невозможно представить в текущей кодовой странице (1251)
C:\Users\marin\Desktop\Документи\ather\Repository poker\poker\poker.cpp(1000): warning C4566: символ, представленный универсальным именем символа "\u2584", невозможно представить в текущей кодовой странице (1251)
C:\Users\marin\Desktop\Документи\ather\Repository poker\poker\poker.cpp(1001): warning C4566: символ, представленный универсальным именем символа "\u2588", невозможно представить в текущей кодовой странице (1251)
C:\Users\marin\Desktop\Документи\ather\Repository poker\poker\poker.cpp(1001): warning C4566: символ, представленный универсальным именем символа "\u2580", невозможно представить в текущей кодовой странице (1251)
C:\Users\marin\Desktop\Документи\ather\Repository poker\poker\poker.cpp(1002): warning C4566: символ, представленный универсальным именем символа "\u2588", невозможно представить в текущей кодовой странице (1251)
C:\Users\marin\Desktop\Документи\ather\Repository poker\poker\poker.cpp(1002): warning C4566: символ, представленный универсальным именем символа "\u2580", невозможно представить в текущей кодовой странице (1251)
C:\Users\marin\Desktop\Документи\ather\Repository poker\poker\poker.cpp(1003): warning C4566: символ, представленный универсальным именем символа "\u2588", невозможно представить в текущей кодовой странице (1251)
C:\Users\marin\Desktop\Документи\ather\Repository poker\poker\poker.cpp(1004): warning C4566: символ, представленный универсальным именем символа "\u2588", невозможно представить в текущей кодовой странице (1251)
C:\Users\marin\Desktop\Документи\ather\Repository poker\poker\poker.cpp(1004): warning C4566: символ, представленный универсальным именем символа "\u2584", невозможно представить в текущей кодовой странице (1251)
C:\Users\marin\Desktop\Документи\ather\Repository poker\poker\poker.cpp(1005): warning C4566: символ, представленный универсальным именем символа "\u2584", невозможно представить в текущей кодовой странице (1251)
C:\Users\marin\Desktop\Документи\ather\Repository poker\poker\poker.cpp(1005): warning C4566: символ, представленный универсальным именем символа "\u2588", невозможно представить в текущей кодовой странице (1251)
C:\Users\marin\Desktop\Документи\ather\Repository poker\poker\poker.cpp(1006): warning C4566: символ, представленный универсальным именем символа "\u2580", невозможно представить в текущей кодовой странице (1251)
  Создание кода
  1 of 181 functions ( 0.6%) were compiled, the rest were copied from previous compilation.
    0 functions were new in current compilation
    1 functions had inline decision re-evaluated but remain unchanged
  Создание кода завершено
  poker.vcxproj -> C:\Users\marin\Desktop\Документи\ather\Repository poker\Release\poker.exe
