  poker.cpp
C:\Users\marin\Desktop\Документи\ather\Repository poker\poker\poker.cpp(49): warning C4244: аргумент: преобразование "time_t" в "unsigned int", возможна потеря данных
C:\Users\marin\Desktop\Документи\ather\Repository poker\poker\poker.cpp(247): warning C4566: символ, представленный универсальным именем символа "\u2584", невозможно представить в текущей кодовой странице (1251)
C:\Users\marin\Desktop\Документи\ather\Repository poker\poker\poker.cpp(248): warning C4566: символ, представленный универсальным именем символа "\u2588", невозможно представить в текущей кодовой странице (1251)
C:\Users\marin\Desktop\Документи\ather\Repository poker\poker\poker.cpp(248): warning C4566: символ, представленный универсальным именем символа "\u2584", невозможно представить в текущей кодовой странице (1251)
C:\Users\marin\Desktop\Документи\ather\Repository poker\poker\poker.cpp(248): warning C4566: символ, представленный универсальным именем символа "\u2580", невозможно представить в текущей кодовой странице (1251)
C:\Users\marin\Desktop\Документи\ather\Repository poker\poker\poker.cpp(249): warning C4566: символ, представленный универсальным именем символа "\u2588", невозможно представить в текущей кодовой странице (1251)
C:\Users\marin\Desktop\Документи\ather\Repository poker\poker\poker.cpp(249): warning C4566: символ, представленный универсальным именем символа "\u2584", невозможно представить в текущей кодовой странице (1251)
C:\Users\marin\Desktop\Документи\ather\Repository poker\poker\poker.cpp(249): warning C4566: символ, представленный универсальным именем символа "\u2580", невозможно представить в текущей кодовой странице (1251)
C:\Users\marin\Desktop\Документи\ather\Repository poker\poker\poker.cpp(250): warning C4566: символ, представленный универсальным именем символа "\u2580", невозможно представить в текущей кодовой странице (1251)
C:\Users\marin\Desktop\Документи\ather\Repository poker\poker\poker.cpp(250): warning C4566: символ, представленный универсальным именем символа "\u2588", невозможно представить в текущей кодовой странице (1251)
C:\Users\marin\Desktop\Документи\ather\Repository poker\poker\poker.cpp(251): warning C4566: символ, представленный универсальным именем символа "\u2588", невозможно представить в текущей кодовой странице (1251)
C:\Users\marin\Desktop\Документи\ather\Repository poker\poker\poker.cpp(251): warning C4566: символ, представленный универсальным именем символа "\u2580", невозможно представить в текущей кодовой странице (1251)
C:\Users\marin\Desktop\Документи\ather\Repository poker\poker\poker.cpp(251): warning C4566: символ, представленный универсальным именем символа "\u2584", невозможно представить в текущей кодовой странице (1251)
C:\Users\marin\Desktop\Документи\ather\Repository poker\poker\poker.cpp(252): warning C4566: символ, представленный универсальным именем символа "\u2588", невозможно представить в текущей кодовой странице (1251)
C:\Users\marin\Desktop\Документи\ather\Repository poker\poker\poker.cpp(252): warning C4566: символ, представленный универсальным именем символа "\u2580", невозможно представить в текущей кодовой странице (1251)
C:\Users\marin\Desktop\Документи\ather\Repository poker\poker\poker.cpp(252): warning C4566: символ, представленный универсальным именем символа "\u2584", невозможно представить в текущей кодовой странице (1251)
C:\Users\marin\Desktop\Документи\ather\Repository poker\poker\poker.cpp(253): warning C4566: символ, представленный универсальным именем символа "\u2580", невозможно представить в текущей кодовой странице (1251)
C:\Users\marin\Desktop\Документи\ather\Repository poker\poker\poker.cpp(50): warning C4101: call: неиспользованная локальная переменная
C:\Users\marin\Desktop\Документи\ather\Repository poker\poker\poker.cpp(50): warning C4101: fold: неиспользованная локальная переменная
  poker.vcxproj -> C:\Users\marin\Desktop\Документи\ather\Repository poker\x64\Debug\poker.exe
